  Draw.cpp
C:\Users\SaniaGos\source\repos\Mario_2\Mario_2\Draw.cpp(24,111): warning C4244: аргумент: преобразование "double" в "T", возможна потеря данных
          with
          [
              T=int
          ]
C:\Users\SaniaGos\source\repos\Mario_2\Mario_2\Draw.cpp(28,51): warning C4244: аргумент: преобразование "size_t" в "float", возможна потеря данных
C:\Users\SaniaGos\source\repos\Mario_2\Mario_2\Draw.cpp(55,34): warning C4244: аргумент: преобразование "size_t" в "T", возможна потеря данных
          with
          [
              T=float
          ]
C:\Users\SaniaGos\source\repos\Mario_2\Mario_2\Draw.cpp(55,17): warning C4244: аргумент: преобразование "size_t" в "T", возможна потеря данных
          with
          [
              T=float
          ]
C:\Users\SaniaGos\source\repos\Mario_2\Mario_2\Draw.cpp(58,34): warning C4244: аргумент: преобразование "size_t" в "T", возможна потеря данных
          with
          [
              T=float
          ]
C:\Users\SaniaGos\source\repos\Mario_2\Mario_2\Draw.cpp(58,17): warning C4244: аргумент: преобразование "size_t" в "T", возможна потеря данных
          with
          [
              T=float
          ]
C:\Users\SaniaGos\source\repos\Mario_2\Mario_2\Draw.cpp(61,34): warning C4244: аргумент: преобразование "size_t" в "T", возможна потеря данных
          with
          [
              T=float
          ]
C:\Users\SaniaGos\source\repos\Mario_2\Mario_2\Draw.cpp(61,17): warning C4244: аргумент: преобразование "size_t" в "T", возможна потеря данных
          with
          [
              T=float
          ]
  GemeConfig.cpp
  Input.cpp
  Main.cpp
  Update.cpp
  Window.cpp
C:\Users\SaniaGos\source\repos\Mario_2\Mario_2\Window.cpp(43,58): warning C4244: =: преобразование "sf::Int64" в "float", возможна потеря данных
C:\Users\SaniaGos\source\repos\Mario_2\Mario_2\Window.cpp(58,58): warning C4244: =: преобразование "sf::Int64" в "float", возможна потеря данных
C:\Users\SaniaGos\source\repos\Mario_2\Mario_2\Window.cpp(59,36): warning C4244: аргумент: преобразование "float" в "sf::Int64", возможна потеря данных
  Создание кода...
  Mario_2.vcxproj -> C:\Users\SaniaGos\source\repos\Mario_2\Debug\Mario_2.exe
