  Draw.cpp
C:\Users\SaniaGos\source\repos\Mario_2\Mario_2\Draw.cpp(24,111): warning C4244: аргумент: преобразование "double" в "T", возможна потеря данных
          with
          [
              T=int
          ]
C:\Users\SaniaGos\source\repos\Mario_2\Mario_2\Draw.cpp(28,51): warning C4244: аргумент: преобразование "size_t" в "float", возможна потеря данных
C:\Users\SaniaGos\source\repos\Mario_2\Mario_2\Draw.cpp(55,34): warning C4244: аргумент: преобразование "size_t" в "T", возможна потеря данных
          with
          [
              T=float
          ]
C:\Users\SaniaGos\source\repos\Mario_2\Mario_2\Draw.cpp(55,17): warning C4244: аргумент: преобразование "size_t" в "T", возможна потеря данных
          with
          [
              T=float
          ]
C:\Users\SaniaGos\source\repos\Mario_2\Mario_2\Draw.cpp(58,34): warning C4244: аргумент: преобразование "size_t" в "T", возможна потеря данных
          with
          [
              T=float
          ]
C:\Users\SaniaGos\source\repos\Mario_2\Mario_2\Draw.cpp(58,17): warning C4244: аргумент: преобразование "size_t" в "T", возможна потеря данных
          with
          [
              T=float
          ]
C:\Users\SaniaGos\source\repos\Mario_2\Mario_2\Draw.cpp(61,34): warning C4244: аргумент: преобразование "size_t" в "T", возможна потеря данных
          with
          [
              T=float
          ]
C:\Users\SaniaGos\source\repos\Mario_2\Mario_2\Draw.cpp(61,17): warning C4244: аргумент: преобразование "size_t" в "T", возможна потеря данных
          with
          [
              T=float
          ]
  Input.cpp
  Main.cpp
  Map.cpp
  Personage.cpp
C:\Users\SaniaGos\source\repos\Mario_2\Mario_2\Personage.cpp(55,13): warning C4244: инициализация: преобразование "T" в "int", возможна потеря данных
          with
          [
              T=float
          ]
C:\Users\SaniaGos\source\repos\Mario_2\Mario_2\Personage.cpp(56,14): warning C4244: инициализация: преобразование "T" в "int", возможна потеря данных
          with
          [
              T=float
          ]
C:\Users\SaniaGos\source\repos\Mario_2\Mario_2\Personage.cpp(61,53): warning C4244: =: преобразование "T" в "T", возможна потеря данных
          with
          [
              T=int
          ]
          and
          [
              T=float
          ]
C:\Users\SaniaGos\source\repos\Mario_2\Mario_2\Personage.cpp(62,52): warning C4244: =: преобразование "int" в "T", возможна потеря данных
          with
          [
              T=float
          ]
C:\Users\SaniaGos\source\repos\Mario_2\Mario_2\Personage.cpp(69,13): warning C4244: инициализация: преобразование "T" в "int", возможна потеря данных
          with
          [
              T=float
          ]
C:\Users\SaniaGos\source\repos\Mario_2\Mario_2\Personage.cpp(70,14): warning C4244: инициализация: преобразование "T" в "int", возможна потеря данных
          with
          [
              T=float
          ]
C:\Users\SaniaGos\source\repos\Mario_2\Mario_2\Personage.cpp(75,49): warning C4244: =: преобразование "T" в "T", возможна потеря данных
          with
          [
              T=int
          ]
          and
          [
              T=float
          ]
C:\Users\SaniaGos\source\repos\Mario_2\Mario_2\Personage.cpp(76,49): warning C4244: =: преобразование "int" в "T", возможна потеря данных
          with
          [
              T=float
          ]
C:\Users\SaniaGos\source\repos\Mario_2\Mario_2\Personage.cpp(113,32): warning C4244: аргумент: преобразование "float" в "const unsigned int", возможна потеря данных
C:\Users\SaniaGos\source\repos\Mario_2\Mario_2\Personage.cpp(116,36): warning C4244: аргумент: преобразование "float" в "const unsigned int", возможна потеря данных
C:\Users\SaniaGos\source\repos\Mario_2\Mario_2\Personage.cpp(129,36): warning C4244: +=: преобразование "double" в "float", возможна потеря данных
C:\Users\SaniaGos\source\repos\Mario_2\Mario_2\Personage.cpp(174,10): warning C4305: =: усечение из "double" в "float"
C:\Users\SaniaGos\source\repos\Mario_2\Mario_2\Personage.cpp(217,24): warning C4305: аргумент: усечение из "double" в "float"
C:\Users\SaniaGos\source\repos\Mario_2\Mario_2\Personage.cpp(225,47): warning C4244: аргумент: преобразование "float" в "const unsigned int", возможна потеря данных
C:\Users\SaniaGos\source\repos\Mario_2\Mario_2\Personage.cpp(228,51): warning C4244: аргумент: преобразование "float" в "const unsigned int", возможна потеря данных
C:\Users\SaniaGos\source\repos\Mario_2\Mario_2\Personage.cpp(271,34): warning C4244: аргумент: преобразование "float" в "const unsigned int", возможна потеря данных
C:\Users\SaniaGos\source\repos\Mario_2\Mario_2\Personage.cpp(286,10): warning C4305: =: усечение из "double" в "float"
C:\Users\SaniaGos\source\repos\Mario_2\Mario_2\Personage.cpp(319,13): warning C4244: инициализация: преобразование "T" в "int", возможна потеря данных
          with
          [
              T=float
          ]
C:\Users\SaniaGos\source\repos\Mario_2\Mario_2\Personage.cpp(320,14): warning C4244: инициализация: преобразование "T" в "int", возможна потеря данных
          with
          [
              T=float
          ]
C:\Users\SaniaGos\source\repos\Mario_2\Mario_2\Personage.cpp(334,47): warning C4244: аргумент: преобразование "float" в "const unsigned int", возможна потеря данных
C:\Users\SaniaGos\source\repos\Mario_2\Mario_2\Personage.cpp(337,51): warning C4244: аргумент: преобразование "float" в "const unsigned int", возможна потеря данных
C:\Users\SaniaGos\source\repos\Mario_2\Mario_2\Personage.cpp(357,24): warning C4305: аргумент: усечение из "double" в "float"
  ScreenFrames.cpp
  Update.cpp
  Window.cpp
C:\Users\SaniaGos\source\repos\Mario_2\Mario_2\Window.cpp(43,58): warning C4244: =: преобразование "sf::Int64" в "float", возможна потеря данных
C:\Users\SaniaGos\source\repos\Mario_2\Mario_2\Window.cpp(58,58): warning C4244: =: преобразование "sf::Int64" в "float", возможна потеря данных
C:\Users\SaniaGos\source\repos\Mario_2\Mario_2\Window.cpp(59,36): warning C4244: аргумент: преобразование "float" в "sf::Int64", возможна потеря данных
  Создание кода
  Previous IPDB not found, fall back to full compilation.
  All 461 functions were compiled because no usable IPDB/IOBJ from previous compilation was found.
  Создание кода завершено
  Mario_2.vcxproj -> C:\Users\SaniaGos\source\repos\Mario_2\Release\Mario_2.exe
